<?xml version="1.0" encoding="UTF-8"?>
<!-- Generated by org.testng.reporters.JUnitReportReporter -->
<testsuite hostname="DESKTOP-EJ545S4" failures="0" tests="3" name="testNG_Revision.Data_Provider_YouTube" time="13.304" errors="0" timestamp="2024-09-11T00:07:35 IST" skipped="0">
  <testcase classname="testNG_Revision.Data_Provider_YouTube" name="YouTube" time="2.662"/>
  <testcase classname="testNG_Revision.Data_Provider_YouTube" name="YouTube" time="4.151"/>
  <testcase classname="testNG_Revision.Data_Provider_YouTube" name="YouTube" time="6.491"/>
</testsuite> <!-- testNG_Revision.Data_Provider_YouTube -->
