<?xml version="1.0" encoding="UTF-8"?>
<!-- Generated by org.testng.reporters.JUnitReportReporter -->
<testsuite hostname="DESKTOP-EJ545S4" failures="0" tests="1" name="testNG_Revision.Annotation_TestNG" time="4.338" errors="0" timestamp="2024-09-11T00:07:35 IST" skipped="0">
  <testcase classname="testNG_Revision.Annotation_TestNG" name="addition" time="4.338"/>
</testsuite> <!-- testNG_Revision.Annotation_TestNG -->
