<?xml version="1.0" encoding="UTF-8"?>
<!-- Generated by org.testng.reporters.JUnitReportReporter -->
<testsuite hostname="DESKTOP-EJ545S4" failures="0" tests="1" name="testNG_Revision.Google_launch" time="1.959" errors="0" timestamp="2024-09-11T00:12:53 IST" skipped="0">
  <testcase classname="testNG_Revision.Google_launch" name="google" time="1.959">
    <system-out>
      <![CDATA[Check for entry in emailable report]]>
    </system-out>
  </testcase> <!-- google -->
  <system-out>
    <![CDATA[Check for entry in emailable report]]>
  </system-out>
</testsuite> <!-- testNG_Revision.Google_launch -->
