<?xml version="1.0" encoding="UTF-8"?>
<!-- Generated by org.testng.reporters.JUnitReportReporter -->
<testsuite hostname="DESKTOP-EJ545S4" failures="0" tests="2" name="testNG_Revision.Parallel_Cross_Browser" time="6.148" errors="0" timestamp="2024-09-10T22:12:04 IST" skipped="0">
  <testcase classname="testNG_Revision.Parallel_Cross_Browser" name="Launch_Browser" time="3.847"/>
  <testcase classname="testNG_Revision.Parallel_Cross_Browser" name="Launch_Browser" time="2.301"/>
</testsuite> <!-- testNG_Revision.Parallel_Cross_Browser -->
