<?xml version="1.0" encoding="UTF-8"?>
<!-- Generated by org.testng.reporters.JUnitReportReporter -->
<testsuite hostname="DESKTOP-EJ545S4" failures="0" tests="10" name="testNG_Revision.Annotation_Parameters" time="0.006" errors="0" timestamp="2024-09-11T00:07:35 IST" skipped="0">
  <testcase classname="testNG_Revision.Annotation_Parameters" name="add3" time="0.001"/>
  <testcase classname="testNG_Revision.Annotation_Parameters" name="add5" time="0.000"/>
  <testcase classname="testNG_Revision.Annotation_Parameters" name="add2" time="0.000"/>
  <testcase classname="testNG_Revision.Annotation_Parameters" name="add4" time="0.001"/>
  <testcase classname="testNG_Revision.Annotation_Parameters" name="add4" time="0.000"/>
  <testcase classname="testNG_Revision.Annotation_Parameters" name="add4" time="0.000"/>
  <testcase classname="testNG_Revision.Annotation_Parameters" name="add4" time="0.000"/>
  <testcase classname="testNG_Revision.Annotation_Parameters" name="add4" time="0.000"/>
  <testcase classname="testNG_Revision.Annotation_Parameters" name="add6" time="0.003"/>
  <testcase classname="testNG_Revision.Annotation_Parameters" name="add" time="0.001"/>
</testsuite> <!-- testNG_Revision.Annotation_Parameters -->
