<?xml version="1.0" encoding="UTF-8"?>
<!-- Generated by org.testng.reporters.JUnitReportReporter -->
<testsuite hostname="DESKTOP-EJ545S4" failures="0" tests="1" name="iRetry_Prog.IRetry_Logic" time="2.067" errors="0" timestamp="2024-09-10T23:52:42 IST" skipped="0">
  <testcase classname="iRetry_Prog.IRetry_Logic" name="google" time="2.067"/>
</testsuite> <!-- iRetry_Prog.IRetry_Logic -->
