<?xml version="1.0" encoding="UTF-8"?>
<!-- Generated by org.testng.reporters.JUnitReportReporter -->
<testsuite hostname="DESKTOP-EJ545S4" failures="0" tests="8" name="testNG_Revision.Annotation_Priority" time="0.012" errors="0" timestamp="2024-09-09T02:41:56 IST" skipped="0">
  <testcase classname="testNG_Revision.Annotation_Priority" name="add3" time="0.007"/>
  <testcase classname="testNG_Revision.Annotation_Priority" name="add4" time="0.001"/>
  <testcase classname="testNG_Revision.Annotation_Priority" name="add2" time="0.001"/>
  <testcase classname="testNG_Revision.Annotation_Priority" name="add4" time="0.001"/>
  <testcase classname="testNG_Revision.Annotation_Priority" name="add4" time="0.001"/>
  <testcase classname="testNG_Revision.Annotation_Priority" name="add4" time="0.001"/>
  <testcase classname="testNG_Revision.Annotation_Priority" name="add4" time="0.000"/>
  <testcase classname="testNG_Revision.Annotation_Priority" name="add" time="0.000"/>
</testsuite> <!-- testNG_Revision.Annotation_Priority -->
