<?xml version="1.0" encoding="UTF-8"?>
<!-- Generated by org.testng.reporters.JUnitReportReporter -->
<testsuite hostname="DESKTOP-EJ545S4" failures="0" tests="1" name="listener_1.Listnerr" time="2.089" errors="0" timestamp="2024-09-11T01:23:24 IST" skipped="0">
  <testcase classname="listener_1.Listnerr" name="Listner1" time="2.089">
    <system-out>
      <![CDATA[Check for entry in emailable report]]>
    </system-out>
  </testcase> <!-- Listner1 -->
  <system-out>
    <![CDATA[Check for entry in emailable report]]>
  </system-out>
</testsuite> <!-- listener_1.Listnerr -->
