<?xml version="1.0" encoding="UTF-8"?>
<!-- Generated by org.testng.reporters.JUnitReportReporter -->
<testsuite hostname="DESKTOP-EJ545S4" failures="0" tests="2" name="testNG_Revision.Two_Dimensonal_DataProvider" time="3.635" errors="0" timestamp="2024-09-11T00:07:35 IST" skipped="0">
  <testcase classname="testNG_Revision.Two_Dimensonal_DataProvider" name="Facebook" time="1.744"/>
  <testcase classname="testNG_Revision.Two_Dimensonal_DataProvider" name="Facebook" time="1.891"/>
</testsuite> <!-- testNG_Revision.Two_Dimensonal_DataProvider -->
