<?xml version="1.0" encoding="UTF-8"?>
<!-- Generated by org.testng.reporters.JUnitReportReporter -->
<testsuite hostname="DESKTOP-EJ545S4" failures="0" tests="3" name="testNG_Revision.Data_Provider" time="0.000" errors="0" timestamp="2024-09-11T00:07:35 IST" skipped="0">
  <testcase classname="testNG_Revision.Data_Provider" name="YouTube" time="0.000"/>
  <testcase classname="testNG_Revision.Data_Provider" name="YouTube" time="0.000"/>
  <testcase classname="testNG_Revision.Data_Provider" name="YouTube" time="0.000"/>
</testsuite> <!-- testNG_Revision.Data_Provider -->
