<?xml version="1.0" encoding="UTF-8"?>
<!-- Generated by org.testng.reporters.JUnitReportReporter -->
<testsuite hostname="DESKTOP-EJ545S4" failures="0" tests="1" name="testNG_Revision.TestNG_Assertion" time="2.010" errors="0" timestamp="2024-09-11T00:07:35 IST" skipped="0">
  <testcase classname="testNG_Revision.TestNG_Assertion" name="add" time="2.010"/>
</testsuite> <!-- testNG_Revision.TestNG_Assertion -->
