<?xml version="1.0" encoding="UTF-8"?>
<!-- Generated by org.testng.reporters.JUnitReportReporter -->
<testsuite hostname="DESKTOP-EJ545S4" failures="0" tests="4" name="testNG_Revision.Grouping_TestNG" time="0.006" errors="0" timestamp="2024-09-11T00:07:35 IST" skipped="0">
  <testcase classname="testNG_Revision.Grouping_TestNG" name="add1" time="0.002"/>
  <testcase classname="testNG_Revision.Grouping_TestNG" name="add3" time="0.001"/>
  <testcase classname="testNG_Revision.Grouping_TestNG" name="add" time="0.002"/>
  <testcase classname="testNG_Revision.Grouping_TestNG" name="add2" time="0.001"/>
</testsuite> <!-- testNG_Revision.Grouping_TestNG -->
