<?xml version="1.0" encoding="UTF-8"?>
<!-- Generated by org.testng.reporters.JUnitReportReporter -->
<testsuite hostname="DESKTOP-EJ545S4" failures="0" tests="1" name="revision_02_07_2024.TestNG_Annotaions" time="0.013" errors="0" timestamp="2024-07-02T01:38:59 IST" skipped="0">
  <testcase classname="revision_02_07_2024.TestNG_Annotaions" name="test_1" time="0.013"/>
  <system-out/>
</testsuite> <!-- revision_02_07_2024.TestNG_Annotaions -->
