<?xml version="1.0" encoding="UTF-8"?>
<!-- Generated by org.testng.reporters.JUnitReportReporter -->
<testsuite hostname="DESKTOP-EJ545S4" failures="0" tests="3" name="revision_02_07_2024.Annotaions_Priority" time="0.002" errors="0" timestamp="2024-07-02T01:38:59 IST" skipped="0">
  <testcase classname="revision_02_07_2024.Annotaions_Priority" name="method_1" time="0.000"/>
  <system-out/>
  <testcase classname="revision_02_07_2024.Annotaions_Priority" name="A_1" time="0.001"/>
  <system-out/>
  <testcase classname="revision_02_07_2024.Annotaions_Priority" name="B_1" time="0.001"/>
  <system-out/>
</testsuite> <!-- revision_02_07_2024.Annotaions_Priority -->
