<?xml version="1.0" encoding="UTF-8"?>
<!-- Generated by org.testng.reporters.JUnitReportReporter -->
<testsuite hostname="DESKTOP-EJ545S4" failures="0" tests="1" name="TestRunner.Cucumber_TestRunner" time="4.947" errors="0" timestamp="2024-06-20T23:31:36 IST" skipped="0">
  <testcase classname="TestRunner.Cucumber_TestRunner" name="runScenario" time="4.947"/>
  <system-out/>
</testsuite> <!-- TestRunner.Cucumber_TestRunner -->
