<?xml version="1.0" encoding="UTF-8"?>
<!-- Generated by org.testng.reporters.JUnitReportReporter -->
<testsuite hostname="DESKTOP-EJ545S4" failures="0" tests="3" name="test_ng.Data_Provider_YouTube" time="8.607" errors="0" timestamp="2024-09-10T23:12:27 IST" skipped="0">
  <testcase classname="test_ng.Data_Provider_YouTube" name="YouTube" time="3.538"/>
  <system-out/>
  <testcase classname="test_ng.Data_Provider_YouTube" name="YouTube" time="2.364"/>
  <system-out/>
  <testcase classname="test_ng.Data_Provider_YouTube" name="YouTube" time="2.705"/>
  <system-out/>
</testsuite> <!-- test_ng.Data_Provider_YouTube -->
