<?xml version="1.0" encoding="UTF-8"?>
<!-- Generated by org.testng.reporters.JUnitReportReporter -->
<testsuite hostname="DESKTOP-EJ545S4" failures="0" tests="2" name="test_ng.Two_Dimensonal_DataProvider" time="3.572" errors="0" timestamp="2024-09-10T23:22:15 IST" skipped="0">
  <testcase classname="test_ng.Two_Dimensonal_DataProvider" name="Facebook" time="1.981"/>
  <system-out/>
  <testcase classname="test_ng.Two_Dimensonal_DataProvider" name="Facebook" time="1.591"/>
  <system-out/>
</testsuite> <!-- test_ng.Two_Dimensonal_DataProvider -->
